<?xml version="1.0" encoding="UTF-8"?>
<!-- Generated by org.testng.reporters.JUnitXMLReporter -->
<testsuite ignored="0" hostname="DESKTOP-J9JQ713" failures="0" tests="6" name="Default test" time="10.38" errors="0" timestamp="2022-10-01T16:42:29 AST">
  <testcase classname="WaitConcept.WaitConcept.DataDrivenTestNg2" name="loginData" time="1.687"/>
  <testcase classname="WaitConcept.WaitConcept.DataDrivenTestNg2" name="loginData" time="0.917"/>
  <testcase classname="WaitConcept.WaitConcept.DataDrivenTestNg2" name="loginData" time="0.543"/>
  <testcase classname="WaitConcept.WaitConcept.DataDrivenTestNg2" name="loginData" time="0.535"/>
  <testcase classname="WaitConcept.WaitConcept.DataDrivenTestNg2" name="loginData" time="0.567"/>
  <testcase classname="WaitConcept.WaitConcept.DataDrivenTestNg2" name="loginData" time="0.535"/>
</testsuite> <!-- Default test -->
